Arguments: 
  C:\Program Files\nodejs\node.exe C:\Users\Deepak kumar\AppData\Roaming\npm\node_modules\yarn\bin\yarn.js add puppeteer instauto

PATH: 
  C:\Program Files\Common Files\Oracle\Java\javapath;C:\Program Files (x86)\Common Files\Oracle\Java\javapath;C:\Windows\system32;C:\Windows;C:\Windows\System32\Wbem;C:\Windows\System32\WindowsPowerShell\v1.0\;C:\Windows\System32\OpenSSH\;C:\Program Files (x86)\NVIDIA Corporation\PhysX\Common;C:\Program Files\NVIDIA Corporation\NVIDIA NvDLISR;C:\Program Files\nodejs\;C:\Program Files\Git\cmd;C:\WINDOWS\system32;C:\WINDOWS;C:\WINDOWS\System32\Wbem;C:\WINDOWS\System32\WindowsPowerShell\v1.0\;C:\WINDOWS\System32\OpenSSH\;C:\Users\Deepak kumar\AppData\Local\Microsoft\WindowsApps;C:\Users\Deepak kumar\AppData\Local\GitHubDesktop\bin;C:\Users\Deepak kumar\AppData\Local\Programs\Microsoft VS Code\bin;C:\Users\Deepak kumar\AppData\Roaming\npm;

Yarn version: 
  1.22.10

Node version: 
  14.16.0

Platform: 
  win32 x64

Trace: 
  SyntaxError: C:\Users\Deepak kumar\Desktop\devpp11deep\module1\insta_auto\package.json: Unexpected end of JSON input
      at JSON.parse (<anonymous>)
      at C:\Users\Deepak kumar\AppData\Roaming\npm\node_modules\yarn\lib\cli.js:1625:59
      at Generator.next (<anonymous>)
      at step (C:\Users\Deepak kumar\AppData\Roaming\npm\node_modules\yarn\lib\cli.js:310:30)
      at C:\Users\Deepak kumar\AppData\Roaming\npm\node_modules\yarn\lib\cli.js:321:13

npm manifest: 
  

yarn manifest: 
  No manifest

Lockfile: 
  
